mode: set
github.com/vitalii/hotword/cmd/root.go:14.34,26.2 4 1
github.com/vitalii/hotword/cmd/root.go:31.16,32.42 1 0
github.com/vitalii/hotword/cmd/root.go:32.42,34.3 1 0
github.com/vitalii/hotword/cmd/root.go:38.19,39.19 1 1
github.com/vitalii/hotword/cmd/root.go:39.19,42.3 1 1
github.com/vitalii/hotword/cmd/root.go:42.8,47.3 3 0
github.com/vitalii/hotword/cmd/root.go:49.2,52.45 2 1
github.com/vitalii/hotword/cmd/root.go:52.45,54.3 1 1
github.com/vitalii/hotword/cmd/train.go:20.35,25.55 1 1
github.com/vitalii/hotword/cmd/train.go:25.55,41.18 13 1
github.com/vitalii/hotword/cmd/train.go:41.18,43.5 1 1
github.com/vitalii/hotword/cmd/train.go:45.4,45.28 1 1
github.com/vitalii/hotword/cmd/train.go:45.28,47.5 1 0
github.com/vitalii/hotword/cmd/train.go:50.4,50.55 1 1
github.com/vitalii/hotword/cmd/train.go:50.55,52.5 1 1
github.com/vitalii/hotword/cmd/train.go:58.4,62.32 4 1
github.com/vitalii/hotword/cmd/train.go:62.32,64.5 1 1
github.com/vitalii/hotword/cmd/train.go:65.4,73.62 6 1
github.com/vitalii/hotword/cmd/train.go:73.62,75.5 1 0
github.com/vitalii/hotword/cmd/train.go:77.4,78.14 2 1
github.com/vitalii/hotword/cmd/train.go:82.2,92.12 9 1
github.com/vitalii/hotword/cmd/train.go:97.13,99.2 1 1
github.com/vitalii/hotword/cmd/verify.go:12.36,17.55 1 1
github.com/vitalii/hotword/cmd/verify.go:17.55,24.4 4 1
github.com/vitalii/hotword/cmd/verify.go:27.2,33.12 5 1
github.com/vitalii/hotword/cmd/verify.go:37.13,39.2 1 1
