mode: set
github.com/vitalii/hotword/pkg/model/layers.go:7.82,21.34 10 1
github.com/vitalii/hotword/pkg/model/layers.go:21.34,22.34 1 1
github.com/vitalii/hotword/pkg/model/layers.go:22.34,23.34 1 1
github.com/vitalii/hotword/pkg/model/layers.go:23.34,25.37 2 1
github.com/vitalii/hotword/pkg/model/layers.go:25.37,26.43 1 1
github.com/vitalii/hotword/pkg/model/layers.go:26.43,27.43 1 1
github.com/vitalii/hotword/pkg/model/layers.go:27.43,31.63 3 1
github.com/vitalii/hotword/pkg/model/layers.go:31.63,35.9 3 1
github.com/vitalii/hotword/pkg/model/layers.go:39.5,39.44 1 1
github.com/vitalii/hotword/pkg/model/layers.go:44.2,44.15 1 1
github.com/vitalii/hotword/pkg/model/layers.go:48.34,50.33 2 1
github.com/vitalii/hotword/pkg/model/layers.go:50.33,51.14 1 1
github.com/vitalii/hotword/pkg/model/layers.go:51.14,53.4 1 1
github.com/vitalii/hotword/pkg/model/layers.go:53.9,55.4 1 1
github.com/vitalii/hotword/pkg/model/layers.go:57.2,57.15 1 1
github.com/vitalii/hotword/pkg/model/layers.go:62.63,72.32 7 1
github.com/vitalii/hotword/pkg/model/layers.go:72.32,73.34 1 1
github.com/vitalii/hotword/pkg/model/layers.go:73.34,74.34 1 1
github.com/vitalii/hotword/pkg/model/layers.go:74.34,77.40 2 1
github.com/vitalii/hotword/pkg/model/layers.go:77.40,78.41 1 1
github.com/vitalii/hotword/pkg/model/layers.go:78.41,83.23 4 1
github.com/vitalii/hotword/pkg/model/layers.go:83.23,85.8 1 1
github.com/vitalii/hotword/pkg/model/layers.go:88.5,88.39 1 1
github.com/vitalii/hotword/pkg/model/layers.go:93.2,93.15 1 1
github.com/vitalii/hotword/pkg/model/layers.go:100.60,106.34 4 1
github.com/vitalii/hotword/pkg/model/layers.go:106.34,108.34 2 1
github.com/vitalii/hotword/pkg/model/layers.go:108.34,110.4 1 1
github.com/vitalii/hotword/pkg/model/layers.go:111.3,111.33 1 1
github.com/vitalii/hotword/pkg/model/layers.go:114.2,114.15 1 1
github.com/vitalii/hotword/pkg/model/layers.go:123.110,131.34 6 1
github.com/vitalii/hotword/pkg/model/layers.go:131.34,135.34 3 1
github.com/vitalii/hotword/pkg/model/layers.go:135.34,141.4 2 1
github.com/vitalii/hotword/pkg/model/layers.go:144.2,144.41 1 1
github.com/vitalii/hotword/pkg/model/layers.go:148.54,150.33 2 1
github.com/vitalii/hotword/pkg/model/layers.go:150.33,151.14 1 1
github.com/vitalii/hotword/pkg/model/layers.go:151.14,153.4 1 1
github.com/vitalii/hotword/pkg/model/layers.go:153.9,155.4 1 1
github.com/vitalii/hotword/pkg/model/layers.go:157.2,157.18 1 1
github.com/vitalii/hotword/pkg/model/layers.go:161.132,177.34 12 1
github.com/vitalii/hotword/pkg/model/layers.go:177.34,178.34 1 1
github.com/vitalii/hotword/pkg/model/layers.go:178.34,179.34 1 1
github.com/vitalii/hotword/pkg/model/layers.go:179.34,185.37 3 1
github.com/vitalii/hotword/pkg/model/layers.go:185.37,186.43 1 1
github.com/vitalii/hotword/pkg/model/layers.go:186.43,187.43 1 1
github.com/vitalii/hotword/pkg/model/layers.go:187.43,191.63 3 1
github.com/vitalii/hotword/pkg/model/layers.go:191.63,199.9 4 1
github.com/vitalii/hotword/pkg/model/layers.go:207.2,207.41 1 1
github.com/vitalii/hotword/pkg/model/layers.go:211.83,219.32 5 1
github.com/vitalii/hotword/pkg/model/layers.go:219.32,220.34 1 1
github.com/vitalii/hotword/pkg/model/layers.go:220.34,221.34 1 1
github.com/vitalii/hotword/pkg/model/layers.go:221.34,225.40 3 1
github.com/vitalii/hotword/pkg/model/layers.go:225.40,226.41 1 1
github.com/vitalii/hotword/pkg/model/layers.go:226.41,231.23 4 1
github.com/vitalii/hotword/pkg/model/layers.go:231.23,235.8 3 1
github.com/vitalii/hotword/pkg/model/layers.go:240.5,241.62 2 1
github.com/vitalii/hotword/pkg/model/layers.go:246.2,246.18 1 1
github.com/vitalii/hotword/pkg/model/loss.go:10.46,14.23 3 1
github.com/vitalii/hotword/pkg/model/loss.go:14.23,16.21 2 1
github.com/vitalii/hotword/pkg/model/loss.go:16.21,18.4 1 0
github.com/vitalii/hotword/pkg/model/loss.go:19.3,19.23 1 1
github.com/vitalii/hotword/pkg/model/loss.go:19.23,21.4 1 0
github.com/vitalii/hotword/pkg/model/loss.go:23.3,25.20 3 1
github.com/vitalii/hotword/pkg/model/loss.go:28.2,28.32 1 1
github.com/vitalii/hotword/pkg/model/loss.go:32.52,36.23 3 1
github.com/vitalii/hotword/pkg/model/loss.go:36.23,38.21 2 1
github.com/vitalii/hotword/pkg/model/loss.go:38.21,40.4 1 0
github.com/vitalii/hotword/pkg/model/loss.go:41.3,41.23 1 1
github.com/vitalii/hotword/pkg/model/loss.go:41.23,43.4 1 0
github.com/vitalii/hotword/pkg/model/loss.go:45.3,45.56 1 1
github.com/vitalii/hotword/pkg/model/loss.go:48.2,48.13 1 1
github.com/vitalii/hotword/pkg/model/optimizer.go:5.63,6.28 1 1
github.com/vitalii/hotword/pkg/model/optimizer.go:6.28,8.3 1 1
github.com/vitalii/hotword/pkg/model/optimizer.go:12.68,13.22 1 1
github.com/vitalii/hotword/pkg/model/optimizer.go:13.22,15.3 1 1
github.com/vitalii/hotword/pkg/model/persistence.go:16.76,18.55 1 1
github.com/vitalii/hotword/pkg/model/persistence.go:18.55,20.3 1 0
github.com/vitalii/hotword/pkg/model/persistence.go:23.2,23.70 1 1
github.com/vitalii/hotword/pkg/model/persistence.go:23.70,25.3 1 0
github.com/vitalii/hotword/pkg/model/persistence.go:32.2,36.70 4 1
github.com/vitalii/hotword/pkg/model/persistence.go:36.70,38.3 1 0
github.com/vitalii/hotword/pkg/model/persistence.go:39.2,39.70 1 1
github.com/vitalii/hotword/pkg/model/persistence.go:39.70,41.3 1 0
github.com/vitalii/hotword/pkg/model/persistence.go:42.2,42.70 1 1
github.com/vitalii/hotword/pkg/model/persistence.go:42.70,44.3 1 0
github.com/vitalii/hotword/pkg/model/persistence.go:47.2,47.35 1 1
github.com/vitalii/hotword/pkg/model/persistence.go:47.35,48.67 1 1
github.com/vitalii/hotword/pkg/model/persistence.go:48.67,50.4 1 0
github.com/vitalii/hotword/pkg/model/persistence.go:54.2,54.27 1 1
github.com/vitalii/hotword/pkg/model/persistence.go:54.27,55.67 1 1
github.com/vitalii/hotword/pkg/model/persistence.go:55.67,57.4 1 0
github.com/vitalii/hotword/pkg/model/persistence.go:60.2,60.12 1 1
github.com/vitalii/hotword/pkg/model/persistence.go:64.68,66.16 2 1
github.com/vitalii/hotword/pkg/model/persistence.go:66.16,68.3 1 0
github.com/vitalii/hotword/pkg/model/persistence.go:69.2,71.44 2 1
github.com/vitalii/hotword/pkg/model/persistence.go:75.67,78.49 2 1
github.com/vitalii/hotword/pkg/model/persistence.go:78.49,80.3 1 0
github.com/vitalii/hotword/pkg/model/persistence.go:81.2,81.33 1 1
github.com/vitalii/hotword/pkg/model/persistence.go:81.33,83.3 1 1
github.com/vitalii/hotword/pkg/model/persistence.go:86.2,87.70 2 1
github.com/vitalii/hotword/pkg/model/persistence.go:87.70,89.3 1 0
github.com/vitalii/hotword/pkg/model/persistence.go:90.2,90.24 1 1
github.com/vitalii/hotword/pkg/model/persistence.go:90.24,92.3 1 0
github.com/vitalii/hotword/pkg/model/persistence.go:95.2,96.70 2 1
github.com/vitalii/hotword/pkg/model/persistence.go:96.70,98.3 1 0
github.com/vitalii/hotword/pkg/model/persistence.go:99.2,99.70 1 1
github.com/vitalii/hotword/pkg/model/persistence.go:99.70,101.3 1 0
github.com/vitalii/hotword/pkg/model/persistence.go:102.2,102.70 1 1
github.com/vitalii/hotword/pkg/model/persistence.go:102.70,104.3 1 0
github.com/vitalii/hotword/pkg/model/persistence.go:107.2,108.30 2 1
github.com/vitalii/hotword/pkg/model/persistence.go:108.30,110.67 2 1
github.com/vitalii/hotword/pkg/model/persistence.go:110.67,112.4 1 0
github.com/vitalii/hotword/pkg/model/persistence.go:113.3,113.24 1 1
github.com/vitalii/hotword/pkg/model/persistence.go:117.2,118.22 2 1
github.com/vitalii/hotword/pkg/model/persistence.go:118.22,120.67 2 1
github.com/vitalii/hotword/pkg/model/persistence.go:120.67,122.4 1 0
github.com/vitalii/hotword/pkg/model/persistence.go:123.3,123.16 1 1
github.com/vitalii/hotword/pkg/model/persistence.go:126.2,126.27 1 1
github.com/vitalii/hotword/pkg/model/persistence.go:130.57,132.16 2 1
github.com/vitalii/hotword/pkg/model/persistence.go:132.16,134.3 1 0
github.com/vitalii/hotword/pkg/model/persistence.go:135.2,137.31 2 1
github.com/vitalii/hotword/pkg/model/tensor.go:10.37,12.28 2 1
github.com/vitalii/hotword/pkg/model/tensor.go:12.28,14.3 1 1
github.com/vitalii/hotword/pkg/model/tensor.go:15.2,18.3 1 1
github.com/vitalii/hotword/pkg/model/tensor.go:22.45,24.2 1 1
github.com/vitalii/hotword/pkg/model/tensor.go:27.52,29.2 1 1
github.com/vitalii/hotword/pkg/model/tensor.go:32.46,35.41 3 1
github.com/vitalii/hotword/pkg/model/tensor.go:35.41,38.3 2 1
github.com/vitalii/hotword/pkg/model/tensor.go:39.2,39.14 1 1
